Added Component: Designator=DHT11_1(DHT11)
Add component (AddParameter): Name = "Accuracy"; Value = "±5% RH"; VariantName = "[No Variations]"
Add component (AddParameter): Name = "ComponentLink1Description"; Value = "Produdct (hshop.vn)"; VariantName = "[No Variations]"
Add component (AddParameter): Name = "ComponentLink1URL"; Value = "https://hshop.vn/products/cam-bien-do-am-nhiet-do-dht11-ra-chan"; VariantName = "[No Variations]"
Add component (AddParameter): Name = "ComponentLink2Description"; Value = "Product (digikey.com)"; VariantName = "[No Variations]"
Add component (AddParameter): Name = "ComponentLink2URL"; Value = "https://www.digikey.com/en/products/detail/universal-solder-electronics-ltd/DHT11/16822119"; VariantName = "[No Variations]"
Add component (AddParameter): Name = "ComponentLink3Description"; Value = "Datasheet (UNIVERSAL-SOLDER Electronics Ltd)"; VariantName = "[No Variations]"
Add component (AddParameter): Name = "ComponentLink3URL"; Value = "https://universal-solder.ca/downloads/DHT11.pdf"; VariantName = "[No Variations]"
Add component (AddParameter): Name = "ComponentLink4Description"; Value = "Datasheet (Adafruit Industries)"; VariantName = "[No Variations]"
Add component (AddParameter): Name = "ComponentLink4URL"; Value = "http://www.mediafire.com/download/48g0861d7ch3l34/dht_document.pdf"; VariantName = "[No Variations]"
Add component (AddParameter): Name = "Manufacturer"; Value = "UNIVERSAL-SOLDER Electronics Ltd"; VariantName = "[No Variations]"
Add component (AddParameter): Name = "Mounting Type"; Value = "Through Hole"; VariantName = "[No Variations]"
Add component (AddParameter): Name = "Output"; Value = "16b"; VariantName = "[No Variations]"
Add component (AddParameter): Name = "Output Type"; Value = "Digital"; VariantName = "[No Variations]"
Add component (AddParameter): Name = "Sensor Type"; Value = "Humidity, Temperature"; VariantName = "[No Variations]"
Add component (AddParameter): Name = "Voltage - Supply"; Value = "3.5V ~ 5.5V"; VariantName = "[No Variations]"
Added Component: Designator=ENCODER1(ROTARY_ENCODER)
Add component (AddParameter): Name = "Base Product Number"; Value = "KY04"; VariantName = "[No Variations]"
Add component (AddParameter): Name = "ComponentLink1Description"; Value = "Product (hshop.vn)"; VariantName = "[No Variations]"
Add component (AddParameter): Name = "ComponentLink1URL"; Value = "https://hshop.vn/products/mach-volume-xoay-encoder"; VariantName = "[No Variations]"
Add component (AddParameter): Name = "ComponentLink2Description"; Value = "Datasheet (Amphenol Anytek)"; VariantName = "[No Variations]"
Add component (AddParameter): Name = "ComponentLink2URL"; Value = "https://www.digikey.com/en/htmldatasheets/production/1664187/0/0/1/kyxx01x000j0g-drawing.html?site=US&lang=en&cur=USD"; VariantName = "[No Variations]"
Add component (AddParameter): Name = "Current"; Value = "15 A"; VariantName = "[No Variations]"
Add component (AddParameter): Name = "Manufacturer"; Value = "Amphenol Anytek"; VariantName = "[No Variations]"
Add component (AddParameter): Name = "Manufacturer Product Number"; Value = "TERM BLK 4POS SIDE ENTRY 5MM PCB"; VariantName = "[No Variations]"
Add component (AddParameter): Name = "Mating Orientation"; Value = "Horizontal with Board"; VariantName = "[No Variations]"
Add component (AddParameter): Name = "Mounting Type"; Value = "Through Hole"; VariantName = "[No Variations]"
Add component (AddParameter): Name = "Number of Levels"; Value = "1"; VariantName = "[No Variations]"
Add component (AddParameter): Name = "Operating Temperature"; Value = "-40°C ~ 115°C"; VariantName = "[No Variations]"
Add component (AddParameter): Name = "Pitch"; Value = "0.197" (5.00mm)"; VariantName = "[No Variations]"
Add component (AddParameter): Name = "Positions Per Level"; Value = "4"; VariantName = "[No Variations]"
Add component (AddParameter): Name = "Series"; Value = "KY"; VariantName = "[No Variations]"
Add component (AddParameter): Name = "Voltage"; Value = "300 V"; VariantName = "[No Variations]"
Add component (AddParameter): Name = "Wire Gauge"; Value = "12-24 AWG"; VariantName = "[No Variations]"
Added Component: Designator=IC1(DS3231_PINOUT_Module)
Add component (AddParameter): Name = "ComponentLink1Description"; Value = "Datasheet (IC)"; VariantName = "[No Variations]"
Add component (AddParameter): Name = "ComponentLink1URL"; Value = "https://www.analog.com/media/en/technical-documentation/data-sheets/DS3231M.pdf"; VariantName = "[No Variations]"
Add component (AddParameter): Name = "ComponentLink2Description"; Value = "Datasheet (Module)"; VariantName = "[No Variations]"
Add component (AddParameter): Name = "ComponentLink2URL"; Value = "https://datasheets.maximintegrated.com/en/ds/DS3231.pdf"; VariantName = "[No Variations]"
Add component (AddParameter): Name = "ComponentLink3Description"; Value = "Product (hshop.vn)"; VariantName = "[No Variations]"
Add component (AddParameter): Name = "ComponentLink3URL"; Value = "https://hshop.vn/products/mach-thoi-gian-thuc-rtc-ds3231"; VariantName = "[No Variations]"
Add component (AddParameter): Name = "Current - Timekeeping (Max)"; Value = "130µA ~ 200µA @ 3.63V ~ 5.5V"; VariantName = "[No Variations]"
Add component (AddParameter): Name = "Features"; Value = "Alarm, Leap Year, Square Wave Output"; VariantName = "[No Variations]"
Add component (AddParameter): Name = "Interface"; Value = "I²C, 2-Wire Serial"; VariantName = "[No Variations]"
Add component (AddParameter): Name = "Manufacturer"; Value = "Seeed Technology Co., Ltd"; VariantName = "[No Variations]"
Add component (AddParameter): Name = "Operating Temperature"; Value = "-40°C ~ 85°C"; VariantName = "[No Variations]"
Add component (AddParameter): Name = "Type"; Value = "Clock/Calendar"; VariantName = "[No Variations]"
Add component (AddParameter): Name = "Voltage - Supply"; Value = "2.3V ~ 5.5V"; VariantName = "[No Variations]"
Added Component: Designator=LCD1(LCD1602)
Add component (AddParameter): Name = "BACKLIGHT"; Value = "LED"; VariantName = "[No Variations]"
Add component (AddParameter): Name = "BACKLIGHT COLOR"; Value = "GREEN/BLUE"; VariantName = "[No Variations]"
Add component (AddParameter): Name = "CHARACTER COLOR"; Value = "White"; VariantName = "[No Variations]"
Add component (AddParameter): Name = "CHARACTER SET"; Value = "ASCII"; VariantName = "[No Variations]"
Add component (AddParameter): Name = "ComponentLink1Description"; Value = "Hshop (Green Backlight)"; VariantName = "[No Variations]"
Add component (AddParameter): Name = "ComponentLink1URL"; Value = "https://hshop.vn/products/lcd-text-lcd1602-xanh-lo"; VariantName = "[No Variations]"
Add component (AddParameter): Name = "ComponentLink2Description"; Value = "Hshop (Blue Backlight)"; VariantName = "[No Variations]"
Add component (AddParameter): Name = "ComponentLink2URL"; Value = "https://hshop.vn/products/lcd-text-lcd1602-xanh-duong"; VariantName = "[No Variations]"
Add component (AddParameter): Name = "ComponentLink3Description"; Value = "Datasheet"; VariantName = "[No Variations]"
Add component (AddParameter): Name = "ComponentLink3URL"; Value = "https://www.waveshare.com/datasheet/LCD_en_PDF/LCD1602.pdf"; VariantName = "[No Variations]"
Add component (AddParameter): Name = "CONNECTOR"; Value = "Pin / ZEBRA"; VariantName = "[No Variations]"
Add component (AddParameter): Name = "DIMENSION"; Value = "80 * 36 * 12.5"; VariantName = "[No Variations]"
Add component (AddParameter): Name = "DISPLAY CONSTRUCTION"; Value = "16 Characters * 2 Lines"; VariantName = "[No Variations]"
Add component (AddParameter): Name = "DISPLAY MODE"; Value = "TN/STN"; VariantName = "[No Variations]"
Add component (AddParameter): Name = "DISPLAY TYPE"; Value = "Positive Transflective"; VariantName = "[No Variations]"
Add component (AddParameter): Name = "DRIVER IC"; Value = "KS0066 (compatible with HD44780)"; VariantName = "[No Variations]"
Add component (AddParameter): Name = "DRIVING METHOD"; Value = "1/16 duty,1/5 bias"; VariantName = "[No Variations]"
Add component (AddParameter): Name = "DRIVING VOLTAGE"; Value = "Single power"; VariantName = "[No Variations]"
Add component (AddParameter): Name = "INTERFACE"; Value = "Parallel"; VariantName = "[No Variations]"
Add component (AddParameter): Name = "NUMBER OF DATA LINE"; Value = "8-bit parallel"; VariantName = "[No Variations]"
Add component (AddParameter): Name = "OPERATING TEMPERATURE"; Value = "Indoor"; VariantName = "[No Variations]"
Add component (AddParameter): Name = "TYPE"; Value = "COB (Chip On Board)"; VariantName = "[No Variations]"
Add component (AddParameter): Name = "VIEWING DIRECTION"; Value = "6 o'clock"; VariantName = "[No Variations]"
Add Component: Footprint Not Found STM32F103C8T6
Added Component: Designator=VR1(Varistor 1)
Add component (AddParameter): Name = "Value"; Value = "VR 10K"; VariantName = "[No Variations]"
Added Pin To Net: NetName=GND Pin=DHT11_1-1
Added Pin To Net: NetName=GND Pin=DHT11_1-1
Added Pin To Net: NetName=NetDHT11_1_2 Pin=DHT11_1-2
Added Pin To Net: NetName=+5 Pin=DHT11_1-3
Added Pin To Net: NetName=NetENCODER1_1 Pin=ENCODER1-1
Added Pin To Net: NetName=NetENCODER1_2 Pin=ENCODER1-2
Added Pin To Net: NetName=NetENCODER1_2 Pin=ENCODER1-3
Added Pin To Net: NetName=+5 Pin=ENCODER1-4
Added Pin To Net: NetName=GND Pin=ENCODER1-5
Added Pin To Net: NetName=NetIC1_3 Pin=IC1-3
Added Pin To Net: NetName=NetIC1_3 Pin=IC1-3
Added Pin To Net: NetName=NetIC1_4 Pin=IC1-4
Added Pin To Net: NetName=NetIC1_4 Pin=IC1-4
Added Pin To Net: NetName=+5 Pin=IC1-5
Added Pin To Net: NetName=+5 Pin=IC1-5
Added Pin To Net: NetName=GND Pin=IC1-6
Added Pin To Net: NetName=GND Pin=IC1-6
Added Pin To Net: NetName=GND Pin=LCD1-1
Added Pin To Net: NetName=+5 Pin=LCD1-2
Added Pin To Net: NetName=NetLCD1_3 Pin=LCD1-3
Added Pin To Net: NetName=NetLCD1_4 Pin=LCD1-4
Added Pin To Net: NetName=NetLCD1_5 Pin=LCD1-5
Added Pin To Net: NetName=NetLCD1_6 Pin=LCD1-6
Added Pin To Net: NetName=NetLCD1_11 Pin=LCD1-11
Added Pin To Net: NetName=NetLCD1_12 Pin=LCD1-12
Added Pin To Net: NetName=NetLCD1_13 Pin=LCD1-13
Added Pin To Net: NetName=NetLCD1_14 Pin=LCD1-14
Added Pin To Net: NetName=+5 Pin=LCD1-15
Added Pin To Net: NetName=GND Pin=LCD1-16
Add Pin To Net: Unknown Pin: Pin U1-1
Add Pin To Net: Unknown Pin: Pin U1-2
Add Pin To Net: Unknown Pin: Pin U1-3
Add Pin To Net: Unknown Pin: Pin U1-5
Add Pin To Net: Unknown Pin: Pin U1-6
Add Pin To Net: Unknown Pin: Pin U1-7
Add Pin To Net: Unknown Pin: Pin U1-8
Add Pin To Net: Unknown Pin: Pin U1-10
Add Pin To Net: Unknown Pin: Pin U1-11
Add Pin To Net: Unknown Pin: Pin U1-12
Add Pin To Net: Unknown Pin: Pin U1-13
Add Pin To Net: Unknown Pin: Pin U1-14
Add Pin To Net: Unknown Pin: Pin U1-15
Add Pin To Net: Unknown Pin: Pin U1-19
Add Pin To Net: Unknown Pin: Pin U1-20
Add Pin To Net: Unknown Pin: Pin U1-21
Add Pin To Net: Unknown Pin: Pin U1-24
Add Pin To Net: Unknown Pin: Pin U1-25
Add Pin To Net: Unknown Pin: Pin U1-35
Add Pin To Net: Unknown Pin: Pin U1-36
Add Pin To Net: Unknown Pin: Pin U1-38
Add Pin To Net: Unknown Pin: Pin U1-39
Add Pin To Net: Unknown Pin: Pin U1-40
Added Pin To Net: NetName=GND Pin=VR1-1
Added Pin To Net: NetName=NetLCD1_3 Pin=VR1-2
Added Pin To Net: NetName=+5 Pin=VR1-3
Add Class Member: Failed to add class member : Component U1 Bluepill
Added Room: Name=DigitalClock_SCHEMATICFile_Hnit_20230223
